Arguments: 
  /usr/local/bin/node /usr/local/bin/yarn test

PATH: 
  /Users/hiro/.rbenv/shims:/Users/hiro/.rbenv/shims:/usr/local:/usr/bin:/usr/sbin:/usr/local/bin:/usr/local/sbin:/bin:/sbin:/usr/local/share/git-core/contrib/diff-highlight:/Users/hiro/.mos/bin/:/usr/local/opt/qt@5.5/bin:/Users/hiro/Library/Python/3.6/bin:/usr/local/bin:/usr/bin:/bin:/usr/sbin:/sbin:/Library/TeX/texbin:/opt/X11/bin:/Users/hiro/Library/Android/sdk//tools:/Users/hiro/Library/Android/sdk//platform-tools:/Users/hiro/go/bin:/usr/local/opt/go/libexec/bin

Yarn version: 
  1.5.1

Node version: 
  9.10.1

Platform: 
  darwin x64

npm manifest: 
  {
    "name": "nicename",
    "version": "0.0.0",
    "description": "is_good_name",
    "license": "MIT",
    "repository": "elzup/nicename",
    "author": {
      "name": "elzup",
      "email": "guild0105@gmail.com",
      "url": "elzup.com"
    },
    "engines": {
      "node": ">=6"
    },
    "scripts": {
      "test": "jest"
    },
    "files": ["index.js"],
    "keywords": [""],
    "dependencies": {},
    "devDependencies": {}
  }

yarn manifest: 
  No manifest

Lockfile: 
  No lockfile

Trace: 
  Error: Command failed.
  Exit code: 1
  Command: sh
  Arguments: -c jest
  Directory: /Users/hiro/.ghq/github.com/elzup/nicename
  Output:
  
      at ProcessTermError.MessageError (/usr/local/lib/node_modules/yarn/lib/cli.js:186:110)
      at new ProcessTermError (/usr/local/lib/node_modules/yarn/lib/cli.js:226:113)
      at ChildProcess.<anonymous> (/usr/local/lib/node_modules/yarn/lib/cli.js:30281:17)
      at ChildProcess.emit (events.js:180:13)
      at maybeClose (internal/child_process.js:936:16)
      at Process.ChildProcess._handle.onexit (internal/child_process.js:220:5)
